2024-05-04 22:56:02.999 [info] 
1 change; before #2  1 second ago
2024-05-04 22:58:06.399 [info] 
1 change; before #6  1 second ago
2024-05-04 22:58:26.825 [info] 
Error detected while processing function <SNR>49_show_toc[64]..BufAdd Autocommands for "*"..BufReadPost Autocommands for "*":
2024-05-04 22:58:26.825 [info] 
Error executing lua callback: /usr/share/nvim/runtime/filetype.lua:35: Error executing lua: /usr/share/nvim/runtime/filetype.lua:36: function <SNR>49_show_toc[64]..BufAdd Autocommands for "*"..BufReadPost Autocommands for "*"..FileType Autocommands for "*"..function <SNR>18_LoadFTPlugin[20]..script /usr/share/nvim/runtime/ftplugin/help.lua: Vim(runtime):E5113: Error while calling lua chunk: /usr/share/nvim/runtime/lua/vim/treesitter/highlighter.lua:146: function <SNR>49_show_toc[64]..BufAdd Autocommands for "*"..BufReadPost Autocommands for "*"..FileType Autocommands for "*"..function <SNR>18_LoadFTPlugin[20]..script /usr/share/nvim/runtime/ftplugin/help.vim, line 91: Vim(function):E127: Cannot redefine function <SNR>49_show_toc: It is in use
stack traceback:
	[C]: in function 'nvim_buf_call'
	/usr/share/nvim/runtime/lua/vim/treesitter/highlighter.lua:146: in function 'new'
	/usr/share/nvim/runtime/lua/vim/treesitter.lua:417: in function 'start'
	/usr/share/nvim/runtime/ftplugin/help.lua:2: in main chunk
	[C]: in function 'nvim_cmd'
	/usr/share/nvim/runtime/filetype.lua:36: in function </usr/share/nvim/runtime/filetype.lua:35>
	[C]: in function 'nvim_buf_call'
	/usr/share/nvim/runtime/filetype.lua:35: in function </usr/share/nvim/runtime/filetype.lua:10>
stack traceback:
	[C]: in function 'nvim_cmd'
	/usr/share/nvim/runtime/filetype.lua:36: in function </usr/share/nvim/runtime/filetype.lua:35>
	[C]: in function 'nvim_buf_call'
	/usr/share/nvim/runtime/filetype.lua:35: in function </usr/share/nvim/runtime/filetype.lua:10>
stack traceback:
	[C]: in function 'nvim_buf_call'
	/usr/share/nvim/runtime/filetype.lua:35: in function </usr/share/nvim/runtime/filetype.lua:10>
2024-05-04 22:58:26.825 [info] 
2024-05-04 22:58:33.606 [info] 
E42: No Errors
2024-05-04 22:58:34.686 [info] 
E42: No Errors
2024-05-04 22:58:35.421 [info] 
E42: No Errors
2024-05-04 23:11:24.759 [info] 
33 fewer lines
2024-05-04 23:11:50.826 [error] BufferManager: nvim_open_win: Invalid buffer id: 12
2024-05-04 23:11:50.826 [error] BufferManager: Unable to determine neovim window id for editor, viewColumn: 1, docUri: vscode-neovim://12/
2024-05-04 23:11:55.661 [error] BufferManager: nvim_set_current_win: E11: Invalid in command-line window; <CR> executes, CTRL-C quits
2024-05-04 23:12:00.800 [info] 
E464: Ambiguous use of user-defined command
