2024-05-04 14:58:30.467 [info] Log level: Info
2024-05-04 14:58:30.467 [info] Validating found git in: "git"
2024-05-04 14:58:30.467 [info] Using git "2.34.1" from "git"
2024-05-04 14:58:30.467 [info] > git rev-parse --show-toplevel [4ms]
2024-05-04 14:58:30.468 [info] > git rev-parse --git-dir --git-common-dir [1ms]
2024-05-04 14:58:30.471 [info] Open repository: /home/juniorsundar/.vim.d
2024-05-04 14:58:30.478 [info] > git rev-parse --show-toplevel [2ms]
2024-05-04 14:58:30.479 [info] > git config --get commit.template [3ms]
2024-05-04 14:58:30.526 [info] No remotes found in the git config file.
2024-05-04 14:58:30.526 [info] > git rev-parse --show-toplevel [7ms]
2024-05-04 14:58:30.527 [info] > git for-each-ref --format=%(refname)%00%(upstream:short)%00%(objectname)%00%(upstream:track)%00%(upstream:remotename)%00%(upstream:remoteref) refs/heads/master refs/remotes/master [1ms]
2024-05-04 14:58:30.527 [warning] No such branch: master.
2024-05-04 14:58:30.531 [info] > git status -z -uall [2ms]
2024-05-04 14:58:30.536 [info] No remotes found in the git config file.
2024-05-04 14:58:30.537 [info] > git config --get commit.template [2ms]
2024-05-04 14:58:30.537 [info] > git for-each-ref --format=%(refname)%00%(upstream:short)%00%(objectname)%00%(upstream:track)%00%(upstream:remotename)%00%(upstream:remoteref) refs/heads/master refs/remotes/master [1ms]
2024-05-04 14:58:30.537 [warning] No such branch: master.
2024-05-04 14:58:30.538 [info] > git status -z -uall [0ms]
2024-05-04 14:58:30.925 [info] > git show --textconv :init.lua [7ms]
2024-05-04 14:58:30.927 [info] > git ls-files --stage -- /home/juniorsundar/.vim.d/init.lua [3ms]
2024-05-04 14:58:30.931 [info] > git cat-file -s 58befd75f5096d1ad6e71b5e9e45d0181a1a9f42 [1ms]
2024-05-04 14:58:31.029 [info] > git check-ignore -v -z --stdin [2ms]
2024-05-04 14:58:32.738 [info] No remotes found in the git config file.
2024-05-04 14:58:32.738 [info] > git config --get commit.template [1ms]
2024-05-04 14:58:32.738 [info] > git for-each-ref --format=%(refname)%00%(upstream:short)%00%(objectname)%00%(upstream:track)%00%(upstream:remotename)%00%(upstream:remoteref) refs/heads/master refs/remotes/master [0ms]
2024-05-04 14:58:32.738 [warning] No such branch: master.
2024-05-04 14:58:32.741 [info] > git status -z -uall [2ms]
2024-05-04 15:01:03.016 [info] > git config --get commit.template [2ms]
2024-05-04 15:01:03.020 [info] No remotes found in the git config file.
2024-05-04 15:01:03.021 [info] > git for-each-ref --format=%(refname)%00%(upstream:short)%00%(objectname)%00%(upstream:track)%00%(upstream:remotename)%00%(upstream:remoteref) refs/heads/master refs/remotes/master [1ms]
2024-05-04 15:01:03.021 [warning] No such branch: master.
2024-05-04 15:01:03.025 [info] > git status -z -uall [2ms]
2024-05-04 15:03:52.384 [info] No remotes found in the git config file.
2024-05-04 15:03:52.384 [info] > git config --get commit.template [2ms]
2024-05-04 15:03:52.385 [info] > git for-each-ref --format=%(refname)%00%(upstream:short)%00%(objectname)%00%(upstream:track)%00%(upstream:remotename)%00%(upstream:remoteref) refs/heads/master refs/remotes/master [1ms]
2024-05-04 15:03:52.385 [warning] No such branch: master.
2024-05-04 15:03:52.386 [info] > git status -z -uall [0ms]
2024-05-04 15:04:03.166 [info] No remotes found in the git config file.
2024-05-04 15:04:03.167 [info] > git config --get commit.template [2ms]
2024-05-04 15:04:03.167 [info] > git for-each-ref --format=%(refname)%00%(upstream:short)%00%(objectname)%00%(upstream:track)%00%(upstream:remotename)%00%(upstream:remoteref) refs/heads/master refs/remotes/master [1ms]
2024-05-04 15:04:03.167 [warning] No such branch: master.
2024-05-04 15:04:03.169 [info] > git status -z -uall [1ms]
2024-05-04 15:07:36.979 [info] No remotes found in the git config file.
2024-05-04 15:07:36.979 [info] > git config --get commit.template [2ms]
2024-05-04 15:07:36.979 [info] > git for-each-ref --format=%(refname)%00%(upstream:short)%00%(objectname)%00%(upstream:track)%00%(upstream:remotename)%00%(upstream:remoteref) refs/heads/master refs/remotes/master [0ms]
2024-05-04 15:07:36.979 [warning] No such branch: master.
2024-05-04 15:07:36.981 [info] > git status -z -uall [1ms]
2024-05-04 15:10:07.703 [info] No remotes found in the git config file.
2024-05-04 15:10:07.704 [info] > git for-each-ref --format=%(refname)%00%(upstream:short)%00%(objectname)%00%(upstream:track)%00%(upstream:remotename)%00%(upstream:remoteref) refs/heads/master refs/remotes/master [1ms]
2024-05-04 15:10:07.704 [warning] No such branch: master.
2024-05-04 15:10:07.704 [info] > git config --get commit.template [2ms]
2024-05-04 15:10:07.706 [info] > git status -z -uall [1ms]
2024-05-04 15:12:34.567 [info] No remotes found in the git config file.
2024-05-04 15:12:34.567 [info] > git config --get commit.template [2ms]
2024-05-04 15:12:34.567 [info] > git for-each-ref --format=%(refname)%00%(upstream:short)%00%(objectname)%00%(upstream:track)%00%(upstream:remotename)%00%(upstream:remoteref) refs/heads/master refs/remotes/master [0ms]
2024-05-04 15:12:34.567 [warning] No such branch: master.
2024-05-04 15:12:34.569 [info] > git status -z -uall [1ms]
