2024-05-05 13:12:41.363 [info] Extension host with pid 45892 started
2024-05-05 13:12:41.363 [info] Skipping acquiring lock for /home/juniorsundar/.config/Code/User/workspaceStorage/ce663268bfffbc0a1c4f62e320e31de4.
2024-05-05 13:12:41.371 [info] Extension host with pid 45893 started
2024-05-05 13:12:41.371 [info] Skipping acquiring lock for /home/juniorsundar/.config/Code/User/workspaceStorage/ce663268bfffbc0a1c4f62e320e31de4.
2024-05-05 13:12:41.375 [info] Eager extensions activated
2024-05-05 13:12:41.380 [info] ExtensionService#_doActivateExtension vscode.git-base, startup: true, activationEvent: '*', root cause: vscode.git
2024-05-05 13:12:41.382 [info] ExtensionService#_doActivateExtension asvetliakov.vscode-neovim, startup: false, activationEvent: 'onStartupFinished'
2024-05-05 13:12:41.390 [info] ExtensionService#_doActivateExtension vscode.git, startup: true, activationEvent: '*'
2024-05-05 13:12:41.404 [info] ExtensionService#_doActivateExtension vscode.github, startup: true, activationEvent: '*'
2024-05-05 13:12:41.428 [info] Eager extensions activated
2024-05-05 13:12:41.433 [info] ExtensionService#_doActivateExtension vscode.debug-auto-launch, startup: false, activationEvent: 'onStartupFinished'
2024-05-05 13:12:41.434 [info] ExtensionService#_doActivateExtension vscode.merge-conflict, startup: false, activationEvent: 'onStartupFinished'
2024-05-05 13:12:41.437 [info] ExtensionService#_doActivateExtension Catppuccin.catppuccin-vsc, startup: false, activationEvent: 'onStartupFinished'
2024-05-05 13:12:41.439 [info] ExtensionService#_doActivateExtension Catppuccin.catppuccin-vsc-icons, startup: false, activationEvent: 'onStartupFinished'
2024-05-05 13:12:41.617 [info] ExtensionService#_doActivateExtension vscode.json-language-features, startup: false, activationEvent: 'onLanguage:jsonc'
2024-05-05 13:12:41.627 [info] ExtensionService#_doActivateExtension vscode.typescript-language-features, startup: false, activationEvent: 'onLanguage:jsonc'
2024-05-05 13:12:41.638 [info] ExtensionService#_doActivateExtension vscode.emmet, startup: false, activationEvent: 'onLanguage'
2024-05-05 13:12:43.246 [info] ExtensionService#_doActivateExtension sumneko.lua, startup: false, activationEvent: 'onLanguage:lua'
2024-05-05 13:15:56.867 [info] Extension host terminating: renderer closed the MessagePort
2024-05-05 13:15:56.872 [info] Extension host with pid 45893 exiting with code 0
2024-05-05 13:15:56.906 [info] Extension host terminating: renderer closed the MessagePort
2024-05-05 13:15:56.915 [info] Extension host with pid 45892 exiting with code 0
