2024-05-04 14:51:28.650 [info] Extension host with pid 31025 started
2024-05-04 14:51:28.650 [info] Skipping acquiring lock for /home/juniorsundar/.config/Code/User/workspaceStorage/ce663268bfffbc0a1c4f62e320e31de4.
2024-05-04 14:51:28.699 [info] ExtensionService#_doActivateExtension vscode.emmet, startup: false, activationEvent: 'onLanguage'
2024-05-04 14:51:28.701 [info] ExtensionService#_doActivateExtension sumneko.lua, startup: false, activationEvent: 'onLanguage:lua'
2024-05-04 14:51:28.755 [info] ExtensionService#_doActivateExtension vscode.git-base, startup: true, activationEvent: '*', root cause: vscode.git
2024-05-04 14:51:28.764 [info] ExtensionService#_doActivateExtension vscode.git, startup: true, activationEvent: '*'
2024-05-04 14:51:28.767 [info] Extension host with pid 31071 started
2024-05-04 14:51:28.767 [info] Skipping acquiring lock for /home/juniorsundar/.config/Code/User/workspaceStorage/ce663268bfffbc0a1c4f62e320e31de4.
2024-05-04 14:51:28.768 [info] Eager extensions activated
2024-05-04 14:51:28.770 [info] ExtensionService#_doActivateExtension asvetliakov.vscode-neovim, startup: false, activationEvent: 'onStartupFinished'
2024-05-04 14:51:28.773 [info] ExtensionService#_doActivateExtension vscode.github, startup: true, activationEvent: '*'
2024-05-04 14:51:28.798 [info] Eager extensions activated
2024-05-04 14:51:28.812 [info] ExtensionService#_doActivateExtension vscode.debug-auto-launch, startup: false, activationEvent: 'onStartupFinished'
2024-05-04 14:51:28.813 [info] ExtensionService#_doActivateExtension vscode.merge-conflict, startup: false, activationEvent: 'onStartupFinished'
2024-05-04 14:51:28.817 [info] ExtensionService#_doActivateExtension Catppuccin.catppuccin-vsc, startup: false, activationEvent: 'onStartupFinished'
2024-05-04 14:51:28.818 [info] ExtensionService#_doActivateExtension Catppuccin.catppuccin-vsc-icons, startup: false, activationEvent: 'onStartupFinished'
2024-05-04 14:51:28.920 [info] ExtensionService#_doActivateExtension vscode.json-language-features, startup: false, activationEvent: 'onLanguage:jsonc'
2024-05-04 14:51:28.926 [info] ExtensionService#_doActivateExtension vscode.typescript-language-features, startup: false, activationEvent: 'onLanguage:jsonc'
2024-05-04 14:51:47.820 [info] Extension host terminating: renderer closed the MessagePort
2024-05-04 14:51:47.828 [warning] ExtHostTextEditorOptions 'setCursorStyle' failed:'
2024-05-04 14:51:47.828 [info] Extension host terminating: renderer closed the MessagePort
2024-05-04 14:51:47.829 [warning] Canceled
2024-05-04 14:51:47.830 [info] Extension host with pid 31071 exiting with code 0
2024-05-04 14:51:47.837 [error] Canceled: Canceled
	at new O (/usr/share/code/resources/app/out/vs/workbench/api/node/extensionHostProcess.js:143:47131)
	at c.U (/usr/share/code/resources/app/out/vs/workbench/api/node/extensionHostProcess.js:150:5542)
	at F.<computed>.z.charCodeAt.F.<computed> (/usr/share/code/resources/app/out/vs/workbench/api/node/extensionHostProcess.js:150:2993)
	at r.g (/usr/share/code/resources/app/out/vs/workbench/api/node/extensionHostProcess.js:153:188926)
	at r.executeCommand (/usr/share/code/resources/app/out/vs/workbench/api/node/extensionHostProcess.js:153:188364)
	at k.registerCommand.description (/usr/share/code/resources/app/out/vs/workbench/api/node/extensionHostProcess.js:153:187688)
	at r.h (/usr/share/code/resources/app/out/vs/workbench/api/node/extensionHostProcess.js:153:189465)
	at r.g (/usr/share/code/resources/app/out/vs/workbench/api/node/extensionHostProcess.js:153:188457)
	at r.executeCommand (/usr/share/code/resources/app/out/vs/workbench/api/node/extensionHostProcess.js:153:188364)
	at Object.executeCommand (/usr/share/code/resources/app/out/vs/workbench/api/node/extensionHostProcess.js:163:22673)
	at a.O [as value] (/usr/share/code/resources/app/extensions/git/dist/main.js:2:945138)
	at o.y (/usr/share/code/resources/app/out/vs/workbench/api/node/extensionHostProcess.js:82:660)
	at o.z (/usr/share/code/resources/app/out/vs/workbench/api/node/extensionHostProcess.js:82:730)
	at o.fire (/usr/share/code/resources/app/out/vs/workbench/api/node/extensionHostProcess.js:82:946)
	at Object.p [as dispose] (/usr/share/code/resources/app/extensions/git/dist/main.js:2:964222)
	at /usr/share/code/resources/app/extensions/git/dist/main.js:2:970260
	at Array.forEach (<anonymous>)
	at f.dispose (/usr/share/code/resources/app/extensions/git/dist/main.js:2:970246)
	at h.<anonymous> (/usr/share/code/resources/app/out/vs/workbench/api/node/extensionHostProcess.js:151:3955)
	at h.dispose (/usr/share/code/resources/app/out/vs/workbench/api/node/extensionHostProcess.js:151:4052)
	at h.<anonymous> (/usr/share/code/resources/app/extensions/git/dist/main.js:2:947395)
	at h.dispose (/usr/share/code/resources/app/out/vs/workbench/api/node/extensionHostProcess.js:151:4052)
	at a (/usr/share/code/resources/app/out/vs/workbench/api/node/extensionHostProcess.js:30:744)
	at f.eb (/usr/share/code/resources/app/out/vs/workbench/api/node/extensionHostProcess.js:159:9975)
	at /usr/share/code/resources/app/out/vs/workbench/api/node/extensionHostProcess.js:159:7824
	at Array.map (<anonymous>)
	at f.$ (/usr/share/code/resources/app/out/vs/workbench/api/node/extensionHostProcess.js:159:7811)
	at f.terminate (/usr/share/code/resources/app/out/vs/workbench/api/node/extensionHostProcess.js:159:8085)
	at a.terminate (/usr/share/code/resources/app/out/vs/workbench/api/node/extensionHostProcess.js:163:1513)
	at t (/usr/share/code/resources/app/out/vs/workbench/api/node/extensionHostProcess.js:176:9922)
	at MessagePortMain.<anonymous> (/usr/share/code/resources/app/out/vs/workbench/api/node/extensionHostProcess.js:176:6347)
	at MessagePortMain.emit (node:events:517:28)
	at MessagePortMain._internalPort.emit (node:electron/js2c/utility_init:2:2285) setContext undefined
2024-05-04 14:51:47.837 [error] Canceled: Canceled
	at new O (/usr/share/code/resources/app/out/vs/workbench/api/node/extensionHostProcess.js:143:47131)
	at c.U (/usr/share/code/resources/app/out/vs/workbench/api/node/extensionHostProcess.js:150:5542)
	at F.<computed>.z.charCodeAt.F.<computed> (/usr/share/code/resources/app/out/vs/workbench/api/node/extensionHostProcess.js:150:2993)
	at r.g (/usr/share/code/resources/app/out/vs/workbench/api/node/extensionHostProcess.js:153:188926)
	at r.executeCommand (/usr/share/code/resources/app/out/vs/workbench/api/node/extensionHostProcess.js:153:188364)
	at k.registerCommand.description (/usr/share/code/resources/app/out/vs/workbench/api/node/extensionHostProcess.js:153:187688)
	at r.h (/usr/share/code/resources/app/out/vs/workbench/api/node/extensionHostProcess.js:153:189465)
	at r.g (/usr/share/code/resources/app/out/vs/workbench/api/node/extensionHostProcess.js:153:188457)
	at r.executeCommand (/usr/share/code/resources/app/out/vs/workbench/api/node/extensionHostProcess.js:153:188364)
	at Object.executeCommand (/usr/share/code/resources/app/out/vs/workbench/api/node/extensionHostProcess.js:163:22673)
	at set hasGitHubRepositories [as hasGitHubRepositories] (/usr/share/code/resources/app/extensions/github/dist/extension.js:2:322969)
	at /usr/share/code/resources/app/extensions/github/dist/extension.js:2:323928
	at a.value (/usr/share/code/resources/app/extensions/git/dist/main.js:2:1050711)
	at o.y (/usr/share/code/resources/app/out/vs/workbench/api/node/extensionHostProcess.js:82:660)
	at o.z (/usr/share/code/resources/app/out/vs/workbench/api/node/extensionHostProcess.js:82:730)
	at o.fire (/usr/share/code/resources/app/out/vs/workbench/api/node/extensionHostProcess.js:82:946)
	at Object.p [as dispose] (/usr/share/code/resources/app/extensions/git/dist/main.js:2:964222)
	at /usr/share/code/resources/app/extensions/git/dist/main.js:2:970260
	at Array.forEach (<anonymous>)
	at f.dispose (/usr/share/code/resources/app/extensions/git/dist/main.js:2:970246)
	at h.<anonymous> (/usr/share/code/resources/app/out/vs/workbench/api/node/extensionHostProcess.js:151:3955)
	at h.dispose (/usr/share/code/resources/app/out/vs/workbench/api/node/extensionHostProcess.js:151:4052)
	at h.<anonymous> (/usr/share/code/resources/app/extensions/git/dist/main.js:2:947395)
	at h.dispose (/usr/share/code/resources/app/out/vs/workbench/api/node/extensionHostProcess.js:151:4052)
	at a (/usr/share/code/resources/app/out/vs/workbench/api/node/extensionHostProcess.js:30:744)
	at f.eb (/usr/share/code/resources/app/out/vs/workbench/api/node/extensionHostProcess.js:159:9975)
	at /usr/share/code/resources/app/out/vs/workbench/api/node/extensionHostProcess.js:159:7824
	at Array.map (<anonymous>)
	at f.$ (/usr/share/code/resources/app/out/vs/workbench/api/node/extensionHostProcess.js:159:7811)
	at f.terminate (/usr/share/code/resources/app/out/vs/workbench/api/node/extensionHostProcess.js:159:8085)
	at a.terminate (/usr/share/code/resources/app/out/vs/workbench/api/node/extensionHostProcess.js:163:1513)
	at t (/usr/share/code/resources/app/out/vs/workbench/api/node/extensionHostProcess.js:176:9922)
	at MessagePortMain.<anonymous> (/usr/share/code/resources/app/out/vs/workbench/api/node/extensionHostProcess.js:176:6347)
	at MessagePortMain.emit (node:events:517:28)
	at MessagePortMain._internalPort.emit (node:electron/js2c/utility_init:2:2285) setContext undefined
2024-05-04 14:51:47.837 [info] Extension host with pid 31025 exiting with code 0
