2024-05-04 22:55:55.811 [info] Started local extension host with pid 564528.
2024-05-04 22:55:55.854 [info] Placing extension(s) asvetliakov.vscode-neovim on a separate extension host.
2024-05-04 22:55:55.859 [warning] [twxs.cmake]: Cannot register 'cmake.cmakePath'. This property is already registered.
2024-05-04 22:55:55.992 [info] Started local extension host with pid 564573.
2024-05-04 22:55:58.474 [info] [perf] Render performance baseline is 13ms
2024-05-04 22:55:58.941 [warning] [cmake-tools]: Couldn't find message for key cmake-tools.configuration.cmake.options.advanced.statusBarLength.description.
2024-05-04 22:55:58.941 [warning] [cmake-tools]: Couldn't find message for key cmake-tools.configuration.cmake.options.advanced.statusBarLength.description.
2024-05-04 22:55:58.941 [warning] [cmake-tools]: Couldn't find message for key cmake-tools.configuration.cmake.options.advanced.statusBarLength.description.
2024-05-04 22:55:58.941 [warning] [cmake-tools]: Couldn't find message for key cmake-tools.configuration.cmake.options.advanced.statusBarLength.description.
2024-05-04 22:55:58.941 [warning] [cmake-tools]: Couldn't find message for key cmake-tools.configuration.cmake.options.advanced.statusBarLength.description.
2024-05-04 22:55:58.941 [warning] [cmake-tools]: Couldn't find message for key cmake-tools.configuration.cmake.options.advanced.statusBarLength.description.
2024-05-04 22:55:58.941 [warning] [cmake-tools]: Couldn't find message for key cmake-tools.configuration.cmake.options.advanced.statusBarLength.description.
2024-05-04 22:55:58.941 [warning] [cmake-tools]: Couldn't find message for key cmake-tools.configuration.cmake.options.advanced.statusBarLength.description.
2024-05-04 22:55:58.941 [warning] [cmake-tools]: Couldn't find message for key cmake-tools.configuration.cmake.options.advanced.statusBarLength.description.
2024-05-04 22:55:58.941 [warning] [cmake-tools]: Couldn't find message for key cmake-tools.configuration.cmake.options.advanced.statusBarLength.description.
2024-05-04 22:55:58.942 [warning] [cmake-tools]: Couldn't find message for key cmake-tools.configuration.cmake.options.advanced.statusBarLength.description.
2024-05-04 22:55:58.942 [warning] [cmake-tools]: Couldn't find message for key cmake-tools.configuration.cmake.options.advanced.statusBarLength.description.
2024-05-04 23:00:01.217 [error] [Extension Host] /home/juniorsundar/.vscode/extensions/tomrijndorp.find-it-faster-0.0.33/flight_check.sh: line 19: bat: command not found
2024-05-04 23:00:01.249 [error] [Extension Host] /home/juniorsundar/.vscode/extensions/tomrijndorp.find-it-faster-0.0.33/flight_check.sh: line 19: bat: command not found
2024-05-04 23:00:05.394 [error] [Extension Host] /home/juniorsundar/.vscode/extensions/tomrijndorp.find-it-faster-0.0.33/flight_check.sh: line 19: bat: command not found
2024-05-04 23:00:38.183 [error] [Extension Host] /home/juniorsundar/.vscode/extensions/tomrijndorp.find-it-faster-0.0.33/flight_check.sh: line 19: bat: command not found
2024-05-04 23:00:43.224 [error] [Extension Host] /home/juniorsundar/.vscode/extensions/tomrijndorp.find-it-faster-0.0.33/flight_check.sh: line 19: bat: command not found
2024-05-04 23:00:48.522 [error] [Extension Host] /home/juniorsundar/.vscode/extensions/tomrijndorp.find-it-faster-0.0.33/flight_check.sh: line 19: bat: command not found
2024-05-04 23:04:34.723 [warning] [File Watcher (parcel)] Watcher shutdown because watched path got deleted (path: /home/juniorsundar/.vim.d)
2024-05-04 23:04:39.407 [warning] [File Watcher (parcel)] Watcher restarts because watched path got created again (path: /home/juniorsundar/.vim.d)
2024-05-04 23:06:32.722 [warning] [File Watcher (node.js)] Watcher shutdown because watched path got deleted
