2024-05-04 22:55:56.133 [info] Log level: Info
2024-05-04 22:55:56.133 [info] Validating found git in: "git"
2024-05-04 22:55:56.133 [info] Using git "2.34.1" from "git"
2024-05-04 22:55:56.133 [info] > git rev-parse --show-toplevel [4ms]
2024-05-04 22:55:56.133 [info] > git rev-parse --git-dir --git-common-dir [0ms]
2024-05-04 22:55:56.133 [info] Open repository: /home/juniorsundar/.vim.d
2024-05-04 22:55:56.133 [info] > git rev-parse --show-toplevel [2ms]
2024-05-04 22:55:56.133 [info] > git config --get commit.template [4ms]
2024-05-04 22:55:56.137 [info] No remotes found in the git config file.
2024-05-04 22:55:56.138 [info] > git for-each-ref --format=%(refname)%00%(upstream:short)%00%(objectname)%00%(upstream:track)%00%(upstream:remotename)%00%(upstream:remoteref) refs/heads/master refs/remotes/master [1ms]
2024-05-04 22:55:56.138 [warning] No such branch: master.
2024-05-04 22:55:56.139 [info] > git rev-parse --show-toplevel [4ms]
2024-05-04 22:55:56.141 [info] > git status -z -uall [2ms]
2024-05-04 22:55:56.146 [info] > git config --get commit.template [1ms]
2024-05-04 22:55:56.148 [info] No remotes found in the git config file.
2024-05-04 22:55:56.148 [info] > git for-each-ref --format=%(refname)%00%(upstream:short)%00%(objectname)%00%(upstream:track)%00%(upstream:remotename)%00%(upstream:remoteref) refs/heads/master refs/remotes/master [0ms]
2024-05-04 22:55:56.148 [warning] No such branch: master.
2024-05-04 22:55:56.152 [info] > git status -z -uall [3ms]
2024-05-04 22:55:56.583 [info] > git show --textconv :init.lua [7ms]
2024-05-04 22:55:56.586 [info] > git ls-files --stage -- /home/juniorsundar/.vim.d/init.lua [2ms]
2024-05-04 22:55:56.593 [info] > git cat-file -s 5cb734269e64c920706e7dc5b653ad16d8da2c6d [3ms]
2024-05-04 22:55:56.655 [info] > git check-ignore -v -z --stdin [2ms]
2024-05-04 22:56:20.212 [info] > git show --textconv :lua/plugins/quality-of-life.lua [6ms]
2024-05-04 22:56:20.214 [info] > git ls-files --stage -- /home/juniorsundar/.vim.d/lua/plugins/quality-of-life.lua [2ms]
2024-05-04 22:56:20.221 [info] > git cat-file -s 502fd62046a2dd88d4eccc042b940d718910e89c [2ms]
2024-05-04 22:56:22.491 [info] > git show --textconv :lua/plugins/mini.lua [7ms]
2024-05-04 22:56:22.493 [info] > git ls-files --stage -- /home/juniorsundar/.vim.d/lua/plugins/mini.lua [2ms]
2024-05-04 22:56:22.499 [info] > git cat-file -s 333a14be89d06a178a0852ae13b658a2fcb86987 [2ms]
2024-05-04 22:56:22.966 [info] > git show --textconv :lua/plugins/oil.lua [1ms]
2024-05-04 22:56:22.967 [info] > git ls-files --stage -- /home/juniorsundar/.vim.d/lua/plugins/oil.lua [1ms]
2024-05-04 22:56:22.970 [info] > git cat-file -s 7ed542446509858dc06788f77d031fb7187a15e7 [2ms]
2024-05-04 22:56:27.508 [info] > git show --textconv :init.lua [6ms]
2024-05-04 22:56:27.510 [info] > git ls-files --stage -- /home/juniorsundar/.vim.d/init.lua [2ms]
2024-05-04 22:56:27.517 [info] > git cat-file -s 5cb734269e64c920706e7dc5b653ad16d8da2c6d [3ms]
2024-05-04 22:56:28.364 [info] No remotes found in the git config file.
2024-05-04 22:56:28.367 [info] > git for-each-ref --format=%(refname)%00%(upstream:short)%00%(objectname)%00%(upstream:track)%00%(upstream:remotename)%00%(upstream:remoteref) refs/heads/master refs/remotes/master [3ms]
2024-05-04 22:56:28.367 [warning] No such branch: master.
2024-05-04 22:56:28.368 [info] > git config --get commit.template [9ms]
2024-05-04 22:56:28.374 [info] > git status -z -uall [2ms]
2024-05-04 22:58:13.656 [info] No remotes found in the git config file.
2024-05-04 22:58:13.657 [info] > git config --get commit.template [7ms]
2024-05-04 22:58:13.657 [info] > git for-each-ref --format=%(refname)%00%(upstream:short)%00%(objectname)%00%(upstream:track)%00%(upstream:remotename)%00%(upstream:remoteref) refs/heads/master refs/remotes/master [1ms]
2024-05-04 22:58:13.658 [warning] No such branch: master.
2024-05-04 22:58:13.664 [info] > git status -z -uall [2ms]
2024-05-04 22:58:36.931 [info] > git show --textconv :init.lua [6ms]
2024-05-04 22:58:36.933 [info] > git ls-files --stage -- /home/juniorsundar/.vim.d/init.lua [3ms]
2024-05-04 22:58:36.939 [info] > git cat-file -s 5cb734269e64c920706e7dc5b653ad16d8da2c6d [2ms]
2024-05-04 22:58:52.489 [info] > git show --textconv :lua/plugins.lua [7ms]
2024-05-04 22:58:52.491 [info] > git ls-files --stage -- /home/juniorsundar/.vim.d/lua/plugins.lua [3ms]
2024-05-04 22:58:52.497 [info] > git cat-file -s 812dcf2c21c63a3cd4aa39f46a2b8a65fb16f695 [2ms]
2024-05-04 22:58:58.187 [info] No remotes found in the git config file.
2024-05-04 22:58:58.187 [info] > git config --get commit.template [2ms]
2024-05-04 22:58:58.187 [info] > git for-each-ref --format=%(refname)%00%(upstream:short)%00%(objectname)%00%(upstream:track)%00%(upstream:remotename)%00%(upstream:remoteref) refs/heads/master refs/remotes/master [0ms]
2024-05-04 22:58:58.187 [warning] No such branch: master.
2024-05-04 22:58:58.188 [info] > git status -z -uall [0ms]
2024-05-04 23:00:04.561 [info] > git show --textconv :init.lua [9ms]
2024-05-04 23:00:04.563 [info] > git ls-files --stage -- /home/juniorsundar/.vim.d/init.lua [3ms]
2024-05-04 23:00:04.571 [info] > git cat-file -s 5cb734269e64c920706e7dc5b653ad16d8da2c6d [1ms]
2024-05-04 23:01:04.185 [info] No remotes found in the git config file.
2024-05-04 23:01:04.186 [info] > git config --get commit.template [7ms]
2024-05-04 23:01:04.187 [info] > git for-each-ref --format=%(refname)%00%(upstream:short)%00%(objectname)%00%(upstream:track)%00%(upstream:remotename)%00%(upstream:remoteref) refs/heads/master refs/remotes/master [2ms]
2024-05-04 23:01:04.187 [warning] No such branch: master.
2024-05-04 23:01:04.193 [info] > git status -z -uall [2ms]
2024-05-04 23:01:08.154 [info] > git show --textconv :init.lua [7ms]
2024-05-04 23:01:08.155 [info] > git ls-files --stage -- /home/juniorsundar/.vim.d/init.lua [2ms]
2024-05-04 23:01:08.162 [info] > git cat-file -s 5cb734269e64c920706e7dc5b653ad16d8da2c6d [2ms]
2024-05-04 23:01:25.736 [info] > git show --textconv :init.lua [3ms]
2024-05-04 23:01:25.738 [info] > git ls-files --stage -- /home/juniorsundar/.vim.d/init.lua [0ms]
2024-05-04 23:01:25.741 [info] > git cat-file -s 5cb734269e64c920706e7dc5b653ad16d8da2c6d [0ms]
2024-05-04 23:06:20.799 [info] > git check-ignore -v -z --stdin [2ms]
2024-05-04 23:11:19.942 [warning] ENOENT: no such file or directory, open '/home/juniorsundar/.vim.d/.git/HEAD'
2024-05-04 23:11:19.944 [warning] getRemotes() - ENOENT: no such file or directory, open '/home/juniorsundar/.vim.d/.git/config'
2024-05-04 23:11:19.946 [info] > git config --get commit.template [1ms]
2024-05-04 23:11:19.946 [info] > git remote --verbose [2ms]
2024-05-04 23:11:19.946 [info] > git symbolic-ref --short HEAD [4ms]
2024-05-04 23:11:19.947 [info] > git for-each-ref --format=%(refname)%00%(upstream:short)%00%(objectname)%00%(upstream:track)%00%(upstream:remotename)%00%(upstream:remoteref) refs/heads/catppuccin refs/remotes/catppuccin [0ms]
2024-05-04 23:11:19.949 [warning] ENOENT: no such file or directory, open '/home/juniorsundar/.vim.d/.git/refs/remotes/origin/catppuccin'
2024-05-04 23:11:19.949 [info] > git rev-parse refs/remotes/origin/catppuccin [0ms]
2024-05-04 23:11:19.955 [info] > git status -z -uall [5ms]
2024-05-04 23:11:19.958 [info] > git merge-base refs/heads/catppuccin refs/remotes/origin/catppuccin [1ms]
2024-05-04 23:11:19.961 [info] > git rev-list --count --left-right refs/heads/catppuccin...refs/remotes/origin/catppuccin [2ms]
2024-05-04 23:11:19.962 [info] > git ls-files --stage -- /home/juniorsundar/.vim.d/init.lua [1ms]
2024-05-04 23:11:19.962 [info] fatal: /home/juniorsundar/.vim.d/init.lua: '/home/juniorsundar/.vim.d/init.lua' is outside repository at '/home/juniorsundar/dotfiles'
2024-05-04 23:11:19.963 [info] > git diff --name-status -z --diff-filter=ADMR a44b35c2b75c6b9c3793f65701cd5aa1ee94ef11...refs/remotes/origin/catppuccin [1ms]
2024-05-04 23:11:19.969 [info] > git show --textconv :init.lua [1ms]
2024-05-04 23:11:27.251 [warning] getRemotes() - ENOENT: no such file or directory, open '/home/juniorsundar/.vim.d/.git/config'
2024-05-04 23:11:27.256 [warning] ENOENT: no such file or directory, open '/home/juniorsundar/.vim.d/.git/HEAD'
2024-05-04 23:11:27.261 [info] > git symbolic-ref --short HEAD [5ms]
2024-05-04 23:11:27.265 [info] > git remote --verbose [14ms]
2024-05-04 23:11:27.266 [info] > git config --get commit.template [5ms]
2024-05-04 23:11:27.267 [info] > git for-each-ref --format=%(refname)%00%(upstream:short)%00%(objectname)%00%(upstream:track)%00%(upstream:remotename)%00%(upstream:remoteref) refs/heads/catppuccin refs/remotes/catppuccin [2ms]
2024-05-04 23:11:27.271 [warning] ENOENT: no such file or directory, open '/home/juniorsundar/.vim.d/.git/refs/remotes/origin/catppuccin'
2024-05-04 23:11:27.272 [info] > git rev-parse refs/remotes/origin/catppuccin [1ms]
2024-05-04 23:11:27.292 [info] > git status -z -uall [16ms]
2024-05-04 23:11:40.832 [info] > git show --textconv :init.lua [6ms]
2024-05-04 23:11:40.834 [info] > git ls-files --stage -- /home/juniorsundar/.vim.d/init.lua [3ms]
2024-05-04 23:11:40.834 [info] fatal: /home/juniorsundar/.vim.d/init.lua: '/home/juniorsundar/.vim.d/init.lua' is outside repository at '/home/juniorsundar/dotfiles'
2024-05-04 23:11:55.761 [info] > git show --textconv :init.lua [6ms]
2024-05-04 23:11:55.763 [info] > git ls-files --stage -- /home/juniorsundar/.vim.d/init.lua [3ms]
2024-05-04 23:11:55.763 [info] fatal: /home/juniorsundar/.vim.d/init.lua: '/home/juniorsundar/.vim.d/init.lua' is outside repository at '/home/juniorsundar/dotfiles'
