2024-05-05 13:16:00.181 [info] Extension host with pid 51414 started
2024-05-05 13:16:00.181 [info] Skipping acquiring lock for /home/juniorsundar/.config/Code/User/workspaceStorage/ce663268bfffbc0a1c4f62e320e31de4.
2024-05-05 13:16:00.187 [info] Extension host with pid 51415 started
2024-05-05 13:16:00.187 [info] Skipping acquiring lock for /home/juniorsundar/.config/Code/User/workspaceStorage/ce663268bfffbc0a1c4f62e320e31de4.
2024-05-05 13:16:00.213 [info] Eager extensions activated
2024-05-05 13:16:00.238 [info] ExtensionService#_doActivateExtension vscode.git-base, startup: true, activationEvent: '*', root cause: vscode.git
2024-05-05 13:16:00.244 [info] ExtensionService#_doActivateExtension asvetliakov.vscode-neovim, startup: false, activationEvent: 'onStartupFinished'
2024-05-05 13:16:00.246 [info] ExtensionService#_doActivateExtension vscode.git, startup: true, activationEvent: '*'
2024-05-05 13:16:00.255 [info] ExtensionService#_doActivateExtension vscode.github, startup: true, activationEvent: '*'
2024-05-05 13:16:00.279 [info] Eager extensions activated
2024-05-05 13:16:00.287 [info] ExtensionService#_doActivateExtension vscode.debug-auto-launch, startup: false, activationEvent: 'onStartupFinished'
2024-05-05 13:16:00.288 [info] ExtensionService#_doActivateExtension vscode.merge-conflict, startup: false, activationEvent: 'onStartupFinished'
2024-05-05 13:16:00.290 [info] ExtensionService#_doActivateExtension Catppuccin.catppuccin-vsc, startup: false, activationEvent: 'onStartupFinished'
2024-05-05 13:16:00.291 [info] ExtensionService#_doActivateExtension Catppuccin.catppuccin-vsc-icons, startup: false, activationEvent: 'onStartupFinished'
2024-05-05 13:16:00.370 [info] ExtensionService#_doActivateExtension vscode.json-language-features, startup: false, activationEvent: 'onLanguage:jsonc'
2024-05-05 13:16:00.379 [info] ExtensionService#_doActivateExtension vscode.typescript-language-features, startup: false, activationEvent: 'onLanguage:jsonc'
2024-05-05 13:16:00.388 [info] ExtensionService#_doActivateExtension vscode.emmet, startup: false, activationEvent: 'onLanguage'
2024-05-05 13:16:02.556 [info] ExtensionService#_doActivateExtension sumneko.lua, startup: false, activationEvent: 'onLanguage:lua'
2024-05-05 13:58:24.712 [info] Extension host terminating: renderer closed the MessagePort
2024-05-05 13:58:24.718 [warning] ExtHostTextEditorOptions 'setCursorStyle' failed:'
2024-05-05 13:58:24.720 [warning] Canceled
2024-05-05 13:58:24.720 [info] Extension host with pid 51415 exiting with code 0
2024-05-05 13:58:24.753 [info] Extension host terminating: renderer closed the MessagePort
2024-05-05 13:58:24.762 [info] Extension host with pid 51414 exiting with code 0
