2024-05-04 14:50:55.408 [info] Log level: Info
2024-05-04 14:50:55.408 [info] Validating found git in: "git"
2024-05-04 14:50:55.408 [info] Using git "2.34.1" from "git"
2024-05-04 14:50:55.408 [info] > git rev-parse --show-toplevel [2ms]
2024-05-04 14:50:55.408 [info] > git rev-parse --git-dir --git-common-dir [0ms]
2024-05-04 14:50:55.408 [info] Open repository: /home/juniorsundar/.vim.d
2024-05-04 14:50:55.408 [info] > git config --get commit.template [1ms]
2024-05-04 14:50:55.408 [info] > git rev-parse --show-toplevel [1ms]
2024-05-04 14:50:55.408 [info] No remotes found in the git config file.
2024-05-04 14:50:55.408 [info] > git for-each-ref --format=%(refname)%00%(upstream:short)%00%(objectname)%00%(upstream:track)%00%(upstream:remotename)%00%(upstream:remoteref) refs/heads/master refs/remotes/master [1ms]
2024-05-04 14:50:55.408 [warning] No such branch: master.
2024-05-04 14:50:55.408 [info] > git status -z -uall [1ms]
2024-05-04 14:50:55.408 [info] > git config --get commit.template [2ms]
2024-05-04 14:50:55.408 [info] No remotes found in the git config file.
2024-05-04 14:50:55.408 [info] > git for-each-ref --format=%(refname)%00%(upstream:short)%00%(objectname)%00%(upstream:track)%00%(upstream:remotename)%00%(upstream:remoteref) refs/heads/master refs/remotes/master [1ms]
2024-05-04 14:50:55.408 [warning] No such branch: master.
2024-05-04 14:50:55.408 [info] > git status -z -uall [1ms]
2024-05-04 14:50:55.961 [info] > git check-ignore -v -z --stdin [2ms]
2024-05-04 14:50:58.420 [info] > git show --textconv :init.lua [2ms]
2024-05-04 14:50:58.420 [info] > git ls-files --stage -- /home/juniorsundar/.vim.d/init.lua [0ms]
2024-05-04 14:50:58.422 [info] > git cat-file -s 58befd75f5096d1ad6e71b5e9e45d0181a1a9f42 [1ms]
2024-05-04 14:51:20.733 [info] No remotes found in the git config file.
2024-05-04 14:51:20.734 [info] > git config --get commit.template [7ms]
2024-05-04 14:51:20.735 [info] > git for-each-ref --format=%(refname)%00%(upstream:short)%00%(objectname)%00%(upstream:track)%00%(upstream:remotename)%00%(upstream:remoteref) refs/heads/master refs/remotes/master [2ms]
2024-05-04 14:51:20.735 [warning] No such branch: master.
2024-05-04 14:51:20.741 [info] > git status -z -uall [2ms]
