2024-05-04 14:51:28.852 [info] Log level: Info
2024-05-04 14:51:28.852 [info] Validating found git in: "git"
2024-05-04 14:51:28.852 [info] Using git "2.34.1" from "git"
2024-05-04 14:51:28.852 [info] > git rev-parse --show-toplevel [3ms]
2024-05-04 14:51:28.852 [info] > git rev-parse --git-dir --git-common-dir [0ms]
2024-05-04 14:51:28.852 [info] Open repository: /home/juniorsundar/.vim.d
2024-05-04 14:51:28.853 [info] > git rev-parse --show-toplevel [42ms]
2024-05-04 14:51:28.854 [info] > git config --get commit.template [45ms]
2024-05-04 14:51:28.860 [info] No remotes found in the git config file.
2024-05-04 14:51:28.862 [info] > git for-each-ref --format=%(refname)%00%(upstream:short)%00%(objectname)%00%(upstream:track)%00%(upstream:remotename)%00%(upstream:remoteref) refs/heads/master refs/remotes/master [2ms]
2024-05-04 14:51:28.862 [warning] No such branch: master.
2024-05-04 14:51:28.864 [info] > git status -z -uall [0ms]
2024-05-04 14:51:28.869 [info] No remotes found in the git config file.
2024-05-04 14:51:28.869 [info] > git config --get commit.template [1ms]
2024-05-04 14:51:28.869 [info] > git for-each-ref --format=%(refname)%00%(upstream:short)%00%(objectname)%00%(upstream:track)%00%(upstream:remotename)%00%(upstream:remoteref) refs/heads/master refs/remotes/master [0ms]
2024-05-04 14:51:28.869 [warning] No such branch: master.
2024-05-04 14:51:28.871 [info] > git status -z -uall [1ms]
2024-05-04 14:51:29.205 [info] > git show --textconv :init.lua [3ms]
2024-05-04 14:51:29.206 [info] > git ls-files --stage -- /home/juniorsundar/.vim.d/init.lua [1ms]
2024-05-04 14:51:29.211 [info] > git cat-file -s 58befd75f5096d1ad6e71b5e9e45d0181a1a9f42 [3ms]
2024-05-04 14:51:29.361 [info] > git check-ignore -v -z --stdin [2ms]
