2024-05-05 13:16:41.117 [info] 
1 change; before #2  2 seconds ago
2024-05-05 13:16:44.949 [info] 
1 change; before #3  0 seconds ago
2024-05-05 13:16:52.481 [info] 
1 more line; before #4  1 second ago
2024-05-05 13:19:12.083 [info] 
1 change; before #5  2 seconds ago
2024-05-05 13:19:19.226 [info] 
1 change; before #6  2 seconds ago
2024-05-05 13:20:20.131 [info] 
1 change; before #7  2 seconds ago
2024-05-05 13:20:29.379 [info] 
1 change; before #8  2 seconds ago
2024-05-05 13:20:37.641 [info] 
1 change; before #9  1 second ago
2024-05-05 13:20:51.577 [info] 
1 change; before #10  1 second ago
2024-05-05 13:20:59.618 [info] 
1 change; before #11  3 seconds ago
2024-05-05 13:20:59.929 [info] 
Already at oldest change
2024-05-05 13:21:06.465 [info] 
1 change; before #12  1 second ago
2024-05-05 13:21:23.117 [info] 
7 lines yanked
2024-05-05 13:21:30.140 [info] 
1 line less; before #13  2 seconds ago
2024-05-05 13:21:37.776 [info] 
7 fewer lines; before #15  1 second ago
2024-05-05 13:21:42.196 [info] 
1 line less; before #16  3 seconds ago
2024-05-05 13:21:42.537 [info] 
1 line less; before #14  8 seconds ago
2024-05-05 13:21:42.982 [info] 
Already at oldest change
2024-05-05 13:39:23.557 [info] 
(mini.jump) Enter target single character 
2024-05-05 13:39:42.998 [info] 
1 change; before #17  0 seconds ago
2024-05-05 13:39:55.525 [info] 
1 change; before #18  7 seconds ago
