2024-05-05 13:12:57.627 [info] 
not found: f
2024-05-05 13:13:00.438 [info] 
1 change; before #2  1 second ago
2024-05-05 13:13:33.989 [info] 
1 change; before #4  1 second ago
2024-05-05 13:13:40.197 [info] 
1 change; before #5  2 seconds ago
2024-05-05 13:13:44.416 [info] 
Running healthchecks...
2024-05-05 13:13:51.771 [info] 
/surroung             
2024-05-05 13:13:51.771 [info] 
E486: Pattern not found: surroung
2024-05-05 13:13:54.018 [info] 
/surround             
2024-05-05 13:13:54.019 [info] 
E486: Pattern not found: surround
2024-05-05 13:13:54.491 [info] 
/surround             
2024-05-05 13:13:54.491 [info] 
E486: Pattern not found: surround
2024-05-05 13:13:54.762 [info] 
/surround             
2024-05-05 13:13:54.762 [info] 
E486: Pattern not found: surround
2024-05-05 13:14:48.013 [info] 
1 change; before #7  3 seconds ago
2024-05-05 13:15:12.781 [info] 
1 change; before #8  2 seconds ago
