2024-05-04 15:13:24.938 [info] 
[nvim-treesitter] [0/1] Downloading tree-sitter-gitcommit...
2024-05-04 15:13:25.586 [info] 
[nvim-treesitter] [0/1] Creating temporary directory
2024-05-04 15:13:25.589 [info] 
[nvim-treesitter] [0/1] Extracting tree-sitter-gitcommit...
2024-05-04 15:13:25.621 [info] 
[nvim-treesitter] [0/1] Compiling...
2024-05-04 15:13:26.670 [info] 
clipboard: error: Error: target STRING not available
2024-05-04 15:13:26.979 [info] 
[nvim-treesitter] [1/1] Treesitter parser for gitcommit has been installed
2024-05-04 15:13:34.032 [info] 
Aborting commit due to empty commit message.
2024-05-04 15:13:36.776 [info] 
1 change; before #2  19 seconds ago
2024-05-04 15:13:40.439 [info] 
E21: Cannot make changes, 'modifiable' is off
2024-05-04 15:13:51.421 [info] 
Aborting commit due to empty commit message.
