2024-05-04 22:46:01.060 [info] Log level: Info
2024-05-04 22:46:01.060 [info] Validating found git in: "git"
2024-05-04 22:46:01.060 [info] Using git "2.34.1" from "git"
2024-05-04 22:46:01.060 [info] > git rev-parse --show-toplevel [3ms]
2024-05-04 22:46:01.060 [info] > git rev-parse --git-dir --git-common-dir [6ms]
2024-05-04 22:46:01.060 [info] Open repository: /home/juniorsundar/.vim.d
2024-05-04 22:46:01.065 [info] > git rev-parse --show-toplevel [2ms]
2024-05-04 22:46:01.066 [info] > git config --get commit.template [3ms]
2024-05-04 22:46:01.068 [info] No remotes found in the git config file.
2024-05-04 22:46:01.069 [info] > git rev-parse --show-toplevel [1ms]
2024-05-04 22:46:01.069 [info] > git for-each-ref --format=%(refname)%00%(upstream:short)%00%(objectname)%00%(upstream:track)%00%(upstream:remotename)%00%(upstream:remoteref) refs/heads/master refs/remotes/master [1ms]
2024-05-04 22:46:01.070 [warning] No such branch: master.
2024-05-04 22:46:01.071 [info] > git status -z -uall [0ms]
2024-05-04 22:46:01.076 [info] No remotes found in the git config file.
2024-05-04 22:46:01.077 [info] > git config --get commit.template [1ms]
2024-05-04 22:46:01.077 [info] > git for-each-ref --format=%(refname)%00%(upstream:short)%00%(objectname)%00%(upstream:track)%00%(upstream:remotename)%00%(upstream:remoteref) refs/heads/master refs/remotes/master [1ms]
2024-05-04 22:46:01.077 [warning] No such branch: master.
2024-05-04 22:46:01.078 [info] > git status -z -uall [0ms]
2024-05-04 22:46:01.434 [info] > git show --textconv :init.lua [1ms]
2024-05-04 22:46:01.435 [info] > git ls-files --stage -- /home/juniorsundar/.vim.d/init.lua [1ms]
2024-05-04 22:46:01.437 [info] > git cat-file -s 5cb734269e64c920706e7dc5b653ad16d8da2c6d [1ms]
2024-05-04 22:46:01.656 [info] > git check-ignore -v -z --stdin [0ms]
2024-05-04 22:46:05.069 [info] No remotes found in the git config file.
2024-05-04 22:46:05.069 [info] > git config --get commit.template [2ms]
2024-05-04 22:46:05.069 [info] > git for-each-ref --format=%(refname)%00%(upstream:short)%00%(objectname)%00%(upstream:track)%00%(upstream:remotename)%00%(upstream:remoteref) refs/heads/master refs/remotes/master [0ms]
2024-05-04 22:46:05.069 [warning] No such branch: master.
2024-05-04 22:46:05.071 [info] > git status -z -uall [0ms]
2024-05-04 22:46:05.086 [info] > git diff --cached -- /home/juniorsundar/.vim.d/lua/plugins/quality-of-life.lua [3ms]
2024-05-04 22:46:05.087 [info] > git diff --cached -- /home/juniorsundar/.vim.d/lua/plugins/oil.lua [5ms]
2024-05-04 22:46:05.087 [info] > git diff --cached -- /home/juniorsundar/.vim.d/lua/plugins/mini.lua [5ms]
2024-05-04 22:46:05.087 [info] > git diff --cached -- /home/juniorsundar/.vim.d/lua/plugins.lua [7ms]
2024-05-04 22:46:05.087 [info] > git diff --cached -- /home/juniorsundar/.vim.d/lua/options.lua [8ms]
2024-05-04 22:46:05.087 [info] > git diff --cached -- /home/juniorsundar/.vim.d/lua/keymaps.lua [9ms]
2024-05-04 22:46:05.087 [info] > git diff --cached -- /home/juniorsundar/.vim.d/lua/.luarc.json [10ms]
2024-05-04 22:46:05.087 [info] > git diff --cached -- /home/juniorsundar/.vim.d/init.lua [11ms]
2024-05-04 22:46:05.087 [info] > git diff --cached -- /home/juniorsundar/.vim.d/.vscode/settings.json [12ms]
2024-05-04 22:46:05.088 [info] > git diff -- /home/juniorsundar/.vim.d/init.lua [14ms]
2024-05-04 22:46:05.089 [info] > git for-each-ref --sort -committerdate --format %(refname) %(objectname) %(*objectname) [4ms]
2024-05-04 22:46:45.327 [info] No remotes found in the git config file.
2024-05-04 22:46:45.328 [info] > git config --get commit.template [2ms]
2024-05-04 22:46:45.328 [info] > git for-each-ref --format=%(refname)%00%(upstream:short)%00%(objectname)%00%(upstream:track)%00%(upstream:remotename)%00%(upstream:remoteref) refs/heads/master refs/remotes/master [1ms]
2024-05-04 22:46:45.328 [warning] No such branch: master.
2024-05-04 22:46:45.333 [info] > git status -z -uall [2ms]
2024-05-04 22:46:45.368 [info] > git diff --cached -- /home/juniorsundar/.vim.d/lua/plugins/quality-of-life.lua [3ms]
2024-05-04 22:46:45.368 [info] > git diff --cached -- /home/juniorsundar/.vim.d/lua/plugins/oil.lua [5ms]
2024-05-04 22:46:45.368 [info] > git diff --cached -- /home/juniorsundar/.vim.d/lua/plugins/mini.lua [7ms]
2024-05-04 22:46:45.369 [info] > git diff --cached -- /home/juniorsundar/.vim.d/lua/plugins.lua [10ms]
2024-05-04 22:46:45.369 [info] > git diff --cached -- /home/juniorsundar/.vim.d/lua/options.lua [13ms]
2024-05-04 22:46:45.369 [info] > git diff --cached -- /home/juniorsundar/.vim.d/lua/keymaps.lua [15ms]
2024-05-04 22:46:45.369 [info] > git diff --cached -- /home/juniorsundar/.vim.d/lua/.luarc.json [17ms]
2024-05-04 22:46:45.369 [info] > git diff --cached -- /home/juniorsundar/.vim.d/init.lua [20ms]
2024-05-04 22:46:45.370 [info] > git diff --cached -- /home/juniorsundar/.vim.d/.vscode/settings.json [25ms]
2024-05-04 22:46:45.370 [info] > git diff -- /home/juniorsundar/.vim.d/init.lua [29ms]
2024-05-04 22:46:45.371 [info] > git for-each-ref --sort -committerdate --format %(refname) %(objectname) %(*objectname) [5ms]
2024-05-04 22:46:55.158 [info] > git show --textconv :lua/.luarc.json [6ms]
2024-05-04 22:46:55.159 [info] > git ls-files --stage -- /home/juniorsundar/.vim.d/lua/.luarc.json [2ms]
2024-05-04 22:46:55.161 [info] > git cat-file -s d168075ca5c6fbb6e91d91c51d6fe8a7b1dacda5 [0ms]
2024-05-04 22:46:55.477 [info] > git check-ignore -v -z --stdin [2ms]
2024-05-04 22:46:58.836 [info] > git show --textconv :init.lua [7ms]
2024-05-04 22:46:58.838 [info] > git ls-files --stage -- /home/juniorsundar/.vim.d/init.lua [4ms]
2024-05-04 22:46:58.845 [info] > git cat-file -s 5cb734269e64c920706e7dc5b653ad16d8da2c6d [2ms]
2024-05-04 22:47:30.491 [info] No remotes found in the git config file.
2024-05-04 22:47:30.492 [info] > git config --get commit.template [6ms]
2024-05-04 22:47:30.492 [info] > git for-each-ref --format=%(refname)%00%(upstream:short)%00%(objectname)%00%(upstream:track)%00%(upstream:remotename)%00%(upstream:remoteref) refs/heads/master refs/remotes/master [2ms]
2024-05-04 22:47:30.492 [warning] No such branch: master.
2024-05-04 22:47:30.499 [info] > git status -z -uall [2ms]
2024-05-04 22:47:30.528 [info] > git diff --cached -- /home/juniorsundar/.vim.d/lua/plugins/quality-of-life.lua [5ms]
2024-05-04 22:47:30.528 [info] > git diff --cached -- /home/juniorsundar/.vim.d/lua/plugins/oil.lua [7ms]
2024-05-04 22:47:30.528 [info] > git diff --cached -- /home/juniorsundar/.vim.d/lua/plugins/mini.lua [9ms]
2024-05-04 22:47:30.528 [info] > git diff --cached -- /home/juniorsundar/.vim.d/lua/plugins.lua [11ms]
2024-05-04 22:47:30.529 [info] > git diff --cached -- /home/juniorsundar/.vim.d/lua/options.lua [14ms]
2024-05-04 22:47:30.529 [info] > git diff --cached -- /home/juniorsundar/.vim.d/lua/keymaps.lua [17ms]
2024-05-04 22:47:30.529 [info] > git diff --cached -- /home/juniorsundar/.vim.d/lua/.luarc.json [19ms]
2024-05-04 22:47:30.529 [info] > git diff --cached -- /home/juniorsundar/.vim.d/init.lua [20ms]
2024-05-04 22:47:30.529 [info] > git diff --cached -- /home/juniorsundar/.vim.d/.vscode/settings.json [21ms]
2024-05-04 22:47:30.529 [info] > git diff -- /home/juniorsundar/.vim.d/init.lua [22ms]
2024-05-04 22:47:30.531 [info] > git for-each-ref --sort -committerdate --format %(refname) %(objectname) %(*objectname) [6ms]
2024-05-04 22:47:32.766 [info] No remotes found in the git config file.
2024-05-04 22:47:32.766 [info] > git config --get commit.template [4ms]
2024-05-04 22:47:32.766 [info] > git for-each-ref --format=%(refname)%00%(upstream:short)%00%(objectname)%00%(upstream:track)%00%(upstream:remotename)%00%(upstream:remoteref) refs/heads/master refs/remotes/master [1ms]
2024-05-04 22:47:32.767 [warning] No such branch: master.
2024-05-04 22:47:32.771 [info] > git status -z -uall [1ms]
2024-05-04 22:47:32.814 [info] > git diff --cached -- /home/juniorsundar/.vim.d/lua/plugins/quality-of-life.lua [6ms]
2024-05-04 22:47:32.814 [info] > git diff --cached -- /home/juniorsundar/.vim.d/lua/plugins/oil.lua [8ms]
2024-05-04 22:47:32.814 [info] > git diff --cached -- /home/juniorsundar/.vim.d/lua/plugins/mini.lua [10ms]
2024-05-04 22:47:32.814 [info] > git diff --cached -- /home/juniorsundar/.vim.d/lua/plugins.lua [11ms]
2024-05-04 22:47:32.814 [info] > git diff --cached -- /home/juniorsundar/.vim.d/lua/options.lua [13ms]
2024-05-04 22:47:32.815 [info] > git diff --cached -- /home/juniorsundar/.vim.d/lua/keymaps.lua [15ms]
2024-05-04 22:47:32.815 [info] > git diff --cached -- /home/juniorsundar/.vim.d/lua/.luarc.json [19ms]
2024-05-04 22:47:32.815 [info] > git diff --cached -- /home/juniorsundar/.vim.d/init.lua [24ms]
2024-05-04 22:47:32.815 [info] > git diff --cached -- /home/juniorsundar/.vim.d/.vscode/settings.json [28ms]
2024-05-04 22:47:32.816 [info] > git diff -- /home/juniorsundar/.vim.d/init.lua [34ms]
2024-05-04 22:47:32.817 [info] > git for-each-ref --sort -committerdate --format %(refname) %(objectname) %(*objectname) [7ms]
2024-05-04 22:47:41.249 [info] No remotes found in the git config file.
2024-05-04 22:47:41.250 [info] > git for-each-ref --format=%(refname)%00%(upstream:short)%00%(objectname)%00%(upstream:track)%00%(upstream:remotename)%00%(upstream:remoteref) refs/heads/master refs/remotes/master [1ms]
2024-05-04 22:47:41.250 [warning] No such branch: master.
2024-05-04 22:47:41.250 [info] > git config --get commit.template [6ms]
2024-05-04 22:47:41.255 [info] > git status -z -uall [2ms]
2024-05-04 22:47:41.290 [info] > git diff --cached -- /home/juniorsundar/.vim.d/lua/plugins/quality-of-life.lua [5ms]
2024-05-04 22:47:41.291 [info] > git diff --cached -- /home/juniorsundar/.vim.d/lua/plugins/oil.lua [8ms]
2024-05-04 22:47:41.291 [info] > git diff --cached -- /home/juniorsundar/.vim.d/lua/plugins/mini.lua [10ms]
2024-05-04 22:47:41.291 [info] > git diff --cached -- /home/juniorsundar/.vim.d/lua/plugins.lua [12ms]
2024-05-04 22:47:41.291 [info] > git diff --cached -- /home/juniorsundar/.vim.d/lua/options.lua [15ms]
2024-05-04 22:47:41.291 [info] > git diff --cached -- /home/juniorsundar/.vim.d/lua/keymaps.lua [17ms]
2024-05-04 22:47:41.291 [info] > git diff --cached -- /home/juniorsundar/.vim.d/lua/.luarc.json [19ms]
2024-05-04 22:47:41.292 [info] > git diff --cached -- /home/juniorsundar/.vim.d/init.lua [21ms]
2024-05-04 22:47:41.292 [info] > git diff --cached -- /home/juniorsundar/.vim.d/.vscode/settings.json [25ms]
2024-05-04 22:47:41.292 [info] > git diff -- /home/juniorsundar/.vim.d/init.lua [28ms]
2024-05-04 22:47:41.293 [info] > git for-each-ref --sort -committerdate --format %(refname) %(objectname) %(*objectname) [5ms]
2024-05-04 22:47:44.302 [info] > git show --textconv :init.lua [5ms]
2024-05-04 22:47:44.303 [info] > git ls-files --stage -- /home/juniorsundar/.vim.d/init.lua [2ms]
2024-05-04 22:47:44.308 [info] > git cat-file -s 5cb734269e64c920706e7dc5b653ad16d8da2c6d [1ms]
2024-05-04 22:48:22.156 [info] No remotes found in the git config file.
2024-05-04 22:48:22.158 [info] > git config --get commit.template [2ms]
2024-05-04 22:48:22.158 [info] > git for-each-ref --format=%(refname)%00%(upstream:short)%00%(objectname)%00%(upstream:track)%00%(upstream:remotename)%00%(upstream:remoteref) refs/heads/master refs/remotes/master [0ms]
2024-05-04 22:48:22.158 [warning] No such branch: master.
2024-05-04 22:48:22.160 [info] > git status -z -uall [1ms]
2024-05-04 22:48:22.174 [info] > git diff --cached -- /home/juniorsundar/.vim.d/lua/plugins/quality-of-life.lua [3ms]
2024-05-04 22:48:22.174 [info] > git diff --cached -- /home/juniorsundar/.vim.d/lua/plugins/oil.lua [4ms]
2024-05-04 22:48:22.174 [info] > git diff --cached -- /home/juniorsundar/.vim.d/lua/plugins/mini.lua [5ms]
2024-05-04 22:48:22.174 [info] > git diff --cached -- /home/juniorsundar/.vim.d/lua/plugins.lua [6ms]
2024-05-04 22:48:22.174 [info] > git diff --cached -- /home/juniorsundar/.vim.d/lua/options.lua [6ms]
2024-05-04 22:48:22.174 [info] > git diff --cached -- /home/juniorsundar/.vim.d/lua/keymaps.lua [7ms]
2024-05-04 22:48:22.175 [info] > git diff --cached -- /home/juniorsundar/.vim.d/lua/.luarc.json [9ms]
2024-05-04 22:48:22.175 [info] > git diff --cached -- /home/juniorsundar/.vim.d/init.lua [10ms]
2024-05-04 22:48:22.175 [info] > git diff --cached -- /home/juniorsundar/.vim.d/.vscode/settings.json [11ms]
2024-05-04 22:48:22.175 [info] > git diff -- /home/juniorsundar/.vim.d/init.lua [12ms]
2024-05-04 22:48:22.176 [info] > git for-each-ref --sort -committerdate --format %(refname) %(objectname) %(*objectname) [3ms]
2024-05-04 22:49:35.705 [info] No remotes found in the git config file.
2024-05-04 22:49:35.705 [info] > git config --get commit.template [2ms]
2024-05-04 22:49:35.705 [info] > git for-each-ref --format=%(refname)%00%(upstream:short)%00%(objectname)%00%(upstream:track)%00%(upstream:remotename)%00%(upstream:remoteref) refs/heads/master refs/remotes/master [0ms]
2024-05-04 22:49:35.705 [warning] No such branch: master.
2024-05-04 22:49:35.707 [info] > git status -z -uall [0ms]
2024-05-04 22:49:40.717 [info] No remotes found in the git config file.
2024-05-04 22:49:40.717 [info] > git config --get commit.template [4ms]
2024-05-04 22:49:40.718 [info] > git for-each-ref --format=%(refname)%00%(upstream:short)%00%(objectname)%00%(upstream:track)%00%(upstream:remotename)%00%(upstream:remoteref) refs/heads/master refs/remotes/master [1ms]
2024-05-04 22:49:40.718 [warning] No such branch: master.
2024-05-04 22:49:40.721 [info] > git status -z -uall [1ms]
2024-05-04 22:49:41.031 [info] > git config --get commit.template [1ms]
2024-05-04 22:49:41.032 [info] No remotes found in the git config file.
2024-05-04 22:49:41.038 [info] > git for-each-ref --format=%(refname)%00%(upstream:short)%00%(objectname)%00%(upstream:track)%00%(upstream:remotename)%00%(upstream:remoteref) refs/heads/master refs/remotes/master [2ms]
2024-05-04 22:49:41.038 [warning] No such branch: master.
2024-05-04 22:49:41.045 [info] > git status -z -uall [2ms]
2024-05-04 22:49:41.077 [info] > git diff --cached -- /home/juniorsundar/.vim.d/lua/plugins/quality-of-life.lua [3ms]
2024-05-04 22:49:41.078 [info] > git diff --cached -- /home/juniorsundar/.vim.d/lua/plugins/oil.lua [5ms]
2024-05-04 22:49:41.078 [info] > git diff --cached -- /home/juniorsundar/.vim.d/lua/plugins/mini.lua [6ms]
2024-05-04 22:49:41.078 [info] > git diff --cached -- /home/juniorsundar/.vim.d/lua/plugins.lua [7ms]
2024-05-04 22:49:41.078 [info] > git diff --cached -- /home/juniorsundar/.vim.d/lua/options.lua [8ms]
2024-05-04 22:49:41.078 [info] > git diff --cached -- /home/juniorsundar/.vim.d/lua/keymaps.lua [10ms]
2024-05-04 22:49:41.078 [info] > git diff --cached -- /home/juniorsundar/.vim.d/lua/.luarc.json [12ms]
2024-05-04 22:49:41.078 [info] > git diff --cached -- /home/juniorsundar/.vim.d/init.lua [14ms]
2024-05-04 22:49:41.078 [info] > git diff --cached -- /home/juniorsundar/.vim.d/.vscode/settings.json [18ms]
2024-05-04 22:49:41.078 [info] > git diff -- /home/juniorsundar/.vim.d/init.lua [22ms]
2024-05-04 22:49:41.079 [info] > git for-each-ref --sort -committerdate --format %(refname) %(objectname) %(*objectname) [3ms]
2024-05-04 22:53:04.018 [info] > git check-ignore -v -z --stdin [2ms]
2024-05-04 22:53:05.807 [info] > git show --textconv :lua/plugins/mini.lua [6ms]
2024-05-04 22:53:05.808 [info] > git ls-files --stage -- /home/juniorsundar/.vim.d/lua/plugins/mini.lua [1ms]
2024-05-04 22:53:05.815 [info] > git cat-file -s 333a14be89d06a178a0852ae13b658a2fcb86987 [2ms]
2024-05-04 22:54:06.752 [info] No remotes found in the git config file.
2024-05-04 22:54:06.753 [info] > git config --get commit.template [2ms]
2024-05-04 22:54:06.753 [info] > git for-each-ref --format=%(refname)%00%(upstream:short)%00%(objectname)%00%(upstream:track)%00%(upstream:remotename)%00%(upstream:remoteref) refs/heads/master refs/remotes/master [1ms]
2024-05-04 22:54:06.753 [warning] No such branch: master.
2024-05-04 22:54:06.754 [info] > git status -z -uall [0ms]
2024-05-04 22:54:09.178 [info] > git show --textconv :init.lua [5ms]
2024-05-04 22:54:09.179 [info] > git ls-files --stage -- /home/juniorsundar/.vim.d/init.lua [2ms]
2024-05-04 22:54:09.186 [info] > git cat-file -s 5cb734269e64c920706e7dc5b653ad16d8da2c6d [2ms]
2024-05-04 22:54:13.939 [info] > git show --textconv :lua/plugins/mini.lua [5ms]
2024-05-04 22:54:13.940 [info] > git ls-files --stage -- /home/juniorsundar/.vim.d/lua/plugins/mini.lua [1ms]
2024-05-04 22:54:13.947 [info] > git cat-file -s 333a14be89d06a178a0852ae13b658a2fcb86987 [2ms]
2024-05-04 22:54:14.886 [info] > git show --textconv :init.lua [6ms]
2024-05-04 22:54:14.887 [info] > git ls-files --stage -- /home/juniorsundar/.vim.d/init.lua [2ms]
2024-05-04 22:54:14.893 [info] > git cat-file -s 5cb734269e64c920706e7dc5b653ad16d8da2c6d [2ms]
2024-05-04 22:54:49.379 [info] > git show --textconv :init.lua [5ms]
2024-05-04 22:54:49.381 [info] > git ls-files --stage -- /home/juniorsundar/.vim.d/init.lua [3ms]
2024-05-04 22:54:49.387 [info] > git cat-file -s 5cb734269e64c920706e7dc5b653ad16d8da2c6d [2ms]
2024-05-04 22:55:16.216 [info] No remotes found in the git config file.
2024-05-04 22:55:16.216 [info] > git config --get commit.template [2ms]
2024-05-04 22:55:16.216 [info] > git for-each-ref --format=%(refname)%00%(upstream:short)%00%(objectname)%00%(upstream:track)%00%(upstream:remotename)%00%(upstream:remoteref) refs/heads/master refs/remotes/master [0ms]
2024-05-04 22:55:16.216 [warning] No such branch: master.
2024-05-04 22:55:16.218 [info] > git status -z -uall [0ms]
2024-05-04 22:55:21.877 [info] > git show --textconv :init.lua [6ms]
2024-05-04 22:55:21.879 [info] > git ls-files --stage -- /home/juniorsundar/.vim.d/init.lua [3ms]
2024-05-04 22:55:21.886 [info] > git cat-file -s 5cb734269e64c920706e7dc5b653ad16d8da2c6d [3ms]
