2024-05-04 15:12:38.760 [info] Started local extension host with pid 60379.
2024-05-04 15:12:38.832 [info] Placing extension(s) asvetliakov.vscode-neovim on a separate extension host.
2024-05-04 15:12:38.837 [warning] [twxs.cmake]: Cannot register 'cmake.cmakePath'. This property is already registered.
2024-05-04 15:12:38.952 [info] Started local extension host with pid 60424.
2024-05-04 15:12:41.421 [info] [perf] Render performance baseline is 12ms
2024-05-04 15:12:41.875 [warning] [cmake-tools]: Couldn't find message for key cmake-tools.configuration.cmake.options.advanced.statusBarLength.description.
2024-05-04 15:12:41.875 [warning] [cmake-tools]: Couldn't find message for key cmake-tools.configuration.cmake.options.advanced.statusBarLength.description.
2024-05-04 15:12:41.876 [warning] [cmake-tools]: Couldn't find message for key cmake-tools.configuration.cmake.options.advanced.statusBarLength.description.
2024-05-04 15:12:41.876 [warning] [cmake-tools]: Couldn't find message for key cmake-tools.configuration.cmake.options.advanced.statusBarLength.description.
2024-05-04 15:12:41.876 [warning] [cmake-tools]: Couldn't find message for key cmake-tools.configuration.cmake.options.advanced.statusBarLength.description.
2024-05-04 15:12:41.876 [warning] [cmake-tools]: Couldn't find message for key cmake-tools.configuration.cmake.options.advanced.statusBarLength.description.
2024-05-04 15:12:41.876 [warning] [cmake-tools]: Couldn't find message for key cmake-tools.configuration.cmake.options.advanced.statusBarLength.description.
2024-05-04 15:12:41.876 [warning] [cmake-tools]: Couldn't find message for key cmake-tools.configuration.cmake.options.advanced.statusBarLength.description.
2024-05-04 15:12:41.876 [warning] [cmake-tools]: Couldn't find message for key cmake-tools.configuration.cmake.options.advanced.statusBarLength.description.
2024-05-04 15:12:41.876 [warning] [cmake-tools]: Couldn't find message for key cmake-tools.configuration.cmake.options.advanced.statusBarLength.description.
2024-05-04 15:12:41.876 [warning] [cmake-tools]: Couldn't find message for key cmake-tools.configuration.cmake.options.advanced.statusBarLength.description.
2024-05-04 15:12:41.876 [warning] [cmake-tools]: Couldn't find message for key cmake-tools.configuration.cmake.options.advanced.statusBarLength.description.
2024-05-04 15:13:02.793 [error] Unable to read file '/home/juniorsundar/.vim.d/init.lua' (Error: File not modified since): Error: Unable to read file '/home/juniorsundar/.vim.d/init.lua' (Error: File not modified since)
    at s.F (vscode-file://vscode-app/usr/share/code/resources/app/out/vs/workbench/workbench.desktop.main.js:658:19970)
    at s.D (vscode-file://vscode-app/usr/share/code/resources/app/out/vs/workbench/workbench.desktop.main.js:658:19858)
    at async a.M (vscode-file://vscode-app/usr/share/code/resources/app/out/vs/workbench/workbench.desktop.main.js:2201:42594)
    at async a.readStream (vscode-file://vscode-app/usr/share/code/resources/app/out/vs/workbench/workbench.desktop.main.js:2201:42351)
    at async T.Cb (vscode-file://vscode-app/usr/share/code/resources/app/out/vs/workbench/workbench.desktop.main.js:2190:15142)
    at async T.resolve (vscode-file://vscode-app/usr/share/code/resources/app/out/vs/workbench/workbench.desktop.main.js:2190:13589)
    at async vscode-file://vscode-app/usr/share/code/resources/app/out/vs/workbench/workbench.desktop.main.js:2201:38462
